<?xml version="1.0" encoding="UTF-8"?>
<!-- Generated by org.testng.reporters.JUnitReportReporter -->
<testsuite hostname="zabavskaya" name="com.autotesting.framework.TestClass_2" tests="1" failures="0" timestamp="29 May 2014 08:22:02 GMT" time="37.013" errors="0">
  <testcase name="simpleTest" time="37.013" classname="com.autotesting.framework.TestClass_2"/>
</testsuite> <!-- com.autotesting.framework.TestClass_2 -->
