<?xml version="1.0" encoding="UTF-8"?>
<!-- Generated by org.testng.reporters.JUnitReportReporter -->
<testsuite hostname="zabavskaya" name="com.autotesting.framework.TestClass" tests="1" failures="0" timestamp="29 May 2014 07:29:19 GMT" time="53.740" errors="0">
  <testcase name="simpleTest" time="53.740" classname="com.autotesting.framework.TestClass"/>
</testsuite> <!-- com.autotesting.framework.TestClass -->
